16:23:29 **** Incremental Build of configuration Debug for project proyecto ****
make -j4 all 
arm-none-eabi-gcc "../neopixels/Src/npx_port.c" -mcpu=cortex-m4 -std=gnu11 -g3 -DDEBUG -DSTM32 -DSTM32F429ZITx -DSTM32F4 -DNUCLEO_F429ZI -DUSE_HAL_DRIVER -DSTM32F429xx -c -I"C:/Users/Sandbox/Documents/proyecto/Drivers/STM32F4xx_HAL_Driver/Inc" -I"C:/Users/Sandbox/Documents/proyecto/Drivers/CMSIS/Include" -I"C:/Users/Sandbox/Documents/proyecto/Drivers/CMSIS/Device/ST/STM32F4xx/Include" -I"C:/Users/Sandbox/Documents/proyecto/Drivers/BSP/STM32F4xx_Nucleo_144" -I"C:/Users/Sandbox/Documents/proyecto/Drivers/Core/Inc" -I"C:/Users/Sandbox/Documents/proyecto/Drivers/API/Inc" -I"C:/Users/Sandbox/Documents/proyecto/imu/Inc" -I"C:/Users/Sandbox/Documents/proyecto/neopixels/Inc" -I"C:/Users/Sandbox/Documents/proyecto/Inc" -O0 -ffunction-sections -fdata-sections -Wall -fstack-usage -fcyclomatic-complexity -MMD -MP -MF"neopixels/Src/npx_port.d" -MT"neopixels/Src/npx_port.o" --specs=nano.specs -mfpu=fpv4-sp-d16 -mfloat-abi=hard -mthumb -o "neopixels/Src/npx_port.o"
../neopixels/Src/npx_port.c: In function 'MX_TIM1_Init':
../neopixels/Src/npx_port.c:163:3: warning: implicit declaration of function 'HAL_TIM_MspPostInit'; did you mean 'HAL_TIM_IC_MspInit'? [-Wimplicit-function-declaration]
  163 |   HAL_TIM_MspPostInit(&htim1);
      |   ^~~~~~~~~~~~~~~~~~~
      |   HAL_TIM_IC_MspInit
arm-none-eabi-gcc -o "proyecto.elf" @"objects.list"   -mcpu=cortex-m4 -T"C:\Users\Sandbox\Documents\proyecto\STM32F429ZITX_FLASH.ld" --specs=nosys.specs -Wl,-Map="proyecto.map" -Wl,--gc-sections -static --specs=nano.specs -mfpu=fpv4-sp-d16 -mfloat-abi=hard -mthumb -Wl,--start-group -lc -lm -Wl,--end-group
C:/ST/STM32CubeIDE_1.14.1/STM32CubeIDE/plugins/com.st.stm32cube.ide.mcu.externaltools.gnu-tools-for-stm32.11.3.rel1.win32_1.1.100.202309141235/tools/bin/../lib/gcc/arm-none-eabi/11.3.1/../../../../arm-none-eabi/bin/ld.exe: ./neopixels/Src/npx_port.o: in function `MX_TIM1_Init':
C:/Users/Sandbox/Documents/proyecto/Debug/../neopixels/Src/npx_port.c:163: undefined reference to `HAL_TIM_MspPostInit'
collect2.exe: error: ld returned 1 exit status
make: *** [makefile:71: proyecto.elf] Error 1
"make -j4 all" terminated with exit code 2. Build might be incomplete.

16:23:32 Build Failed. 2 errors, 1 warnings. (took 2s.691ms)

